<?xml version="1.0" encoding="UTF-8" ?>
<testsuite tests="30" failures="6" name="com.nttdata.runner.RunnerTest" time="14.797" errors="0" skipped="18">
  <properties>
[...]
</properties>
  <testcase classname="Validación del precio de un producto #1" name="estoy en la página de la tienda y hago click en el boton Iniciar Sesión" time="3.857"/>
  <testcase classname="Validación del precio de un producto #1" name="me logueo con mi usuario &quot;leonardo25457@gmail.com&quot; y clave &quot;leonardo2506123&quot;" time="1.223"/>
  <testcase classname="Validación del precio de un producto #1" name="navego a la categoria &quot;CLOTHES&quot; y subcategoria &quot;MEN&quot;" time="0.281">
    <failure message="Etiqueta de Cerrar Sesión Esperada: expected:&lt;Cerrar [Sesio]n&gt; but was:&lt;Cerrar [sesió]n&gt;" type="org.junit.ComparisonFailure">org.junit.ComparisonFailure: Etiqueta de Cerrar Sesión Esperada: expected:&lt;Cerrar [Sesio]n&gt; but was:&lt;Cerrar [sesió]n&gt;
	at org.junit.Assert.assertEquals(Assert.java:117)
	at com.nttdata.steps.priceProductStep.verificarBtnCerrarSesion(priceProductStep.java:34)
	at com.nttdata.stepsdefinitions.priceProductStepDef.navegoALaCategoriaYSubcategoria(priceProductStepDef.java:40)
	at ✽.navego a la categoria &quot;CLOTHES&quot; y subcategoria &quot;MEN&quot;(file:///C:/Users/LEONARDO/Desktop/QALAB/autoWeb/src/test/resources/features/priceProduct.feature:8)
</failure>
    <system-out>Cerrar sesión
</system-out>
  </testcase>
  <testcase classname="Validación del precio de un producto #1" name="agrego 2 unidades del primer producto al carrito" time="0.001">
    <skipped/>
  </testcase>
  <testcase classname="Validación del precio de un producto #1" name="valido en el popup la confirmación del producto agregado" time="0">
    <skipped/>
  </testcase>
  <testcase classname="Validación del precio de un producto #1" name="valido en el popup que el monto total sea calculado correctamente" time="0">
    <skipped/>
  </testcase>
  <testcase classname="Validación del precio de un producto #1" name="finalizo la compra" time="0">
    <skipped/>
  </testcase>
  <testcase classname="Validación del precio de un producto #1" name="valido el titulo de la pagina del carrito" time="0">
    <skipped/>
  </testcase>
  <testcase classname="Validación del precio de un producto #1" name="vuelvo a validar el calculo de precios en el carrito" time="0">
    <skipped/>
  </testcase>
  <testcase classname="Validación del precio de un producto #1" name="Validación del precio de un producto #1" time="0.29">
    <failure message="Etiqueta de Cerrar Sesión Esperada: expected:&lt;Cerrar [Sesio]n&gt; but was:&lt;Cerrar [sesió]n&gt;" type="org.junit.ComparisonFailure">org.junit.ComparisonFailure: Etiqueta de Cerrar Sesión Esperada: expected:&lt;Cerrar [Sesio]n&gt; but was:&lt;Cerrar [sesió]n&gt;
	at org.junit.Assert.assertEquals(Assert.java:117)
	at com.nttdata.steps.priceProductStep.verificarBtnCerrarSesion(priceProductStep.java:34)
	at com.nttdata.stepsdefinitions.priceProductStepDef.navegoALaCategoriaYSubcategoria(priceProductStepDef.java:40)
	at ✽.navego a la categoria &quot;CLOTHES&quot; y subcategoria &quot;MEN&quot;(file:///C:/Users/LEONARDO/Desktop/QALAB/autoWeb/src/test/resources/features/priceProduct.feature:8)
</failure>
  </testcase>
  <testcase classname="Validación del precio de un producto #2" name="estoy en la página de la tienda y hago click en el boton Iniciar Sesión" time="3.384"/>
  <testcase classname="Validación del precio de un producto #2" name="me logueo con mi usuario &quot;error404@gmail.com&quot; y clave &quot;idk2506&quot;" time="0.743"/>
  <testcase classname="Validación del precio de un producto #2" name="navego a la categoria &quot;CLOTHES&quot; y subcategoria &quot;MEN&quot;" time="0.137">
    <failure message="Etiqueta de Cerrar Sesión Esperada: expected:&lt;[Cerrar Sesio]n&gt; but was:&lt;[Iniciar sesió]n&gt;" type="org.junit.ComparisonFailure">org.junit.ComparisonFailure: Etiqueta de Cerrar Sesión Esperada: expected:&lt;[Cerrar Sesio]n&gt; but was:&lt;[Iniciar sesió]n&gt;
	at org.junit.Assert.assertEquals(Assert.java:117)
	at com.nttdata.steps.priceProductStep.verificarBtnCerrarSesion(priceProductStep.java:34)
	at com.nttdata.stepsdefinitions.priceProductStepDef.navegoALaCategoriaYSubcategoria(priceProductStepDef.java:40)
	at ✽.navego a la categoria &quot;CLOTHES&quot; y subcategoria &quot;MEN&quot;(file:///C:/Users/LEONARDO/Desktop/QALAB/autoWeb/src/test/resources/features/priceProduct.feature:8)
</failure>
    <system-out>Iniciar sesión
</system-out>
  </testcase>
  <testcase classname="Validación del precio de un producto #2" name="agrego 2 unidades del primer producto al carrito" time="0.001">
    <skipped/>
  </testcase>
  <testcase classname="Validación del precio de un producto #2" name="valido en el popup la confirmación del producto agregado" time="0">
    <skipped/>
  </testcase>
  <testcase classname="Validación del precio de un producto #2" name="valido en el popup que el monto total sea calculado correctamente" time="0">
    <skipped/>
  </testcase>
  <testcase classname="Validación del precio de un producto #2" name="finalizo la compra" time="0">
    <skipped/>
  </testcase>
  <testcase classname="Validación del precio de un producto #2" name="valido el titulo de la pagina del carrito" time="0">
    <skipped/>
  </testcase>
  <testcase classname="Validación del precio de un producto #2" name="vuelvo a validar el calculo de precios en el carrito" time="0">
    <skipped/>
  </testcase>
  <testcase classname="Validación del precio de un producto #2" name="Validación del precio de un producto #2" time="0.225">
    <failure message="Etiqueta de Cerrar Sesión Esperada: expected:&lt;[Cerrar Sesio]n&gt; but was:&lt;[Iniciar sesió]n&gt;" type="org.junit.ComparisonFailure">org.junit.ComparisonFailure: Etiqueta de Cerrar Sesión Esperada: expected:&lt;[Cerrar Sesio]n&gt; but was:&lt;[Iniciar sesió]n&gt;
	at org.junit.Assert.assertEquals(Assert.java:117)
	at com.nttdata.steps.priceProductStep.verificarBtnCerrarSesion(priceProductStep.java:34)
	at com.nttdata.stepsdefinitions.priceProductStepDef.navegoALaCategoriaYSubcategoria(priceProductStepDef.java:40)
	at ✽.navego a la categoria &quot;CLOTHES&quot; y subcategoria &quot;MEN&quot;(file:///C:/Users/LEONARDO/Desktop/QALAB/autoWeb/src/test/resources/features/priceProduct.feature:8)
</failure>
  </testcase>
  <testcase classname="Validación del precio de un producto #3" name="estoy en la página de la tienda y hago click en el boton Iniciar Sesión" time="3.13"/>
  <testcase classname="Validación del precio de un producto #3" name="me logueo con mi usuario &quot;leonardo25457@gmail.com&quot; y clave &quot;leonardo2506123&quot;" time="1.092"/>
  <testcase classname="Validación del precio de un producto #3" name="navego a la categoria &quot;ART&quot; y subcategoria &quot;MEN&quot;" time="0.245">
    <failure message="Etiqueta de Cerrar Sesión Esperada: expected:&lt;Cerrar [Sesio]n&gt; but was:&lt;Cerrar [sesió]n&gt;" type="org.junit.ComparisonFailure">org.junit.ComparisonFailure: Etiqueta de Cerrar Sesión Esperada: expected:&lt;Cerrar [Sesio]n&gt; but was:&lt;Cerrar [sesió]n&gt;
	at org.junit.Assert.assertEquals(Assert.java:117)
	at com.nttdata.steps.priceProductStep.verificarBtnCerrarSesion(priceProductStep.java:34)
	at com.nttdata.stepsdefinitions.priceProductStepDef.navegoALaCategoriaYSubcategoria(priceProductStepDef.java:40)
	at ✽.navego a la categoria &quot;ART&quot; y subcategoria &quot;MEN&quot;(file:///C:/Users/LEONARDO/Desktop/QALAB/autoWeb/src/test/resources/features/priceProduct.feature:8)
</failure>
    <system-out>Cerrar sesión
</system-out>
  </testcase>
  <testcase classname="Validación del precio de un producto #3" name="agrego 2 unidades del primer producto al carrito" time="0">
    <skipped/>
  </testcase>
  <testcase classname="Validación del precio de un producto #3" name="valido en el popup la confirmación del producto agregado" time="0">
    <skipped/>
  </testcase>
  <testcase classname="Validación del precio de un producto #3" name="valido en el popup que el monto total sea calculado correctamente" time="0">
    <skipped/>
  </testcase>
  <testcase classname="Validación del precio de un producto #3" name="finalizo la compra" time="0">
    <skipped/>
  </testcase>
  <testcase classname="Validación del precio de un producto #3" name="valido el titulo de la pagina del carrito" time="0.001">
    <skipped/>
  </testcase>
  <testcase classname="Validación del precio de un producto #3" name="vuelvo a validar el calculo de precios en el carrito" time="0">
    <skipped/>
  </testcase>
  <testcase classname="Validación del precio de un producto #3" name="Validación del precio de un producto #3" time="0.187">
    <failure message="Etiqueta de Cerrar Sesión Esperada: expected:&lt;Cerrar [Sesio]n&gt; but was:&lt;Cerrar [sesió]n&gt;" type="org.junit.ComparisonFailure">org.junit.ComparisonFailure: Etiqueta de Cerrar Sesión Esperada: expected:&lt;Cerrar [Sesio]n&gt; but was:&lt;Cerrar [sesió]n&gt;
	at org.junit.Assert.assertEquals(Assert.java:117)
	at com.nttdata.steps.priceProductStep.verificarBtnCerrarSesion(priceProductStep.java:34)
	at com.nttdata.stepsdefinitions.priceProductStepDef.navegoALaCategoriaYSubcategoria(priceProductStepDef.java:40)
	at ✽.navego a la categoria &quot;ART&quot; y subcategoria &quot;MEN&quot;(file:///C:/Users/LEONARDO/Desktop/QALAB/autoWeb/src/test/resources/features/priceProduct.feature:8)
</failure>
  </testcase>
</testsuite>