<?xml version="1.0" encoding="UTF-8" ?>
<testsuite tests="30" failures="6" name="com.nttdata.runner.RunnerTest" time="14.797" errors="0" skipped="18">
  <properties>
    <property name="java.runtime.name" value="OpenJDK Runtime Environment"/>
    <property name="java.vm.version" value="21.0.6+7-LTS"/>
    <property name="sun.boot.library.path" value="C:\Program Files\Eclipse Adoptium\jdk-21.0.6.7-hotspot\bin"/>
    <property name="maven.multiModuleProjectDirectory" value="C:\Users\LEONARDO\Desktop\QALAB\autoWeb"/>
    <property name="java.vm.vendor" value="Eclipse Adoptium"/>
    <property name="java.vendor.url" value="https://adoptium.net/"/>
    <property name="guice.disable.misplaced.annotation.check" value="true"/>
    <property name="path.separator" value=";"/>
    <property name="java.vm.name" value="OpenJDK 64-Bit Server VM"/>
    <property name="sun.os.patch.level" value=""/>
    <property name="user.script" value=""/>
    <property name="user.country" value="PE"/>
    <property name="sun.java.launcher" value="SUN_STANDARD"/>
    <property name="java.vm.specification.name" value="Java Virtual Machine Specification"/>
    <property name="user.dir" value="C:\Users\LEONARDO\Desktop\QALAB\autoWeb"/>
    <property name="java.vm.compressedOopsMode" value="32-bit"/>
    <property name="java.runtime.version" value="21.0.6+7-LTS"/>
    <property name="os.arch" value="amd64"/>
    <property name="java.io.tmpdir" value="C:\Users\LEONARDO\AppData\Local\Temp\"/>
    <property name="line.separator" value="
"/>
    <property name="java.vm.specification.vendor" value="Oracle Corporation"/>
    <property name="user.variant" value=""/>
    <property name="stderr.encoding" value="cp850"/>
    <property name="os.name" value="Windows 10"/>
    <property name="classworlds.conf" value="C:\Program Files\apache-maven-3.8.8\bin\m2.conf"/>
    <property name="sun.jnu.encoding" value="Cp1252"/>
    <property name="stdout.encoding" value="cp850"/>
    <property name="java.library.path" value="C:\Program Files\Eclipse Adoptium\jdk-21.0.6.7-hotspot\bin;C:\Windows\Sun\Java\bin;C:\Windows\system32;C:\Windows;C:\Program Files\Eclipse Adoptium\jdk-21.0.6.7-hotspot\bin;C:\Program Files\Common Files\Oracle\Java\javapath;C:\Windows\system32;C:\Windows;C:\Windows\System32\Wbem;C:\Windows\System32\WindowsPowerShell\v1.0\;C:\Windows\System32\OpenSSH\;C:\Program Files (x86)\NVIDIA Corporation\PhysX\Common;C:\Program Files\NVIDIA Corporation\NVIDIA NvDLISR;C:\Program Files\Git\cmd;C:\Users\LEONARDO\AppData\Roaming\nvm;C:\Program Files\nodejs;C:\xampp\php;C:\composer;C:\Program Files\nodejs\;C:\ProgramData\chocolatey\bin;C:\Program Files\Amazon\AWSSAMCLI\bin\;C:\Program Files\Amazon\AWSCLIV2\;%MAVEN_HOME%\bin;C:\Program Files\apache-maven-3.8.8\bin;C:\laragon\bin;C:\laragon\bin\apache\httpd-2.4.54-win64-VS16\bin;C:\laragon\bin\composer;C:\laragon\bin\git\bin;C:\laragon\bin\git\cmd;C:\laragon\bin\git\mingw64\bin;C:\laragon\bin\git\usr\bin;C:\laragon\bin\laragon\utils;C:\laragon\bin\mysql\mysql-8.0.30-winx64\bin;C:\laragon\bin\nginx\nginx-1.22.0;C:\laragon\bin\ngrok;C:\laragon\bin\nodejs\v12.19.0;C:\laragon\bin\notepad++;C:\laragon\bin\php\php-8.1.10-Win32-vs16-x64;C:\laragon\bin\python\python-3.10;C:\laragon\bin\python\python-3.10\Scripts;C:\laragon\bin\redis\redis-x64-5.0.14.1;C:\laragon\bin\telnet;C:\laragon\usr\bin;C:\Users\LEONARDO\AppData\Local\Yarn\config\global\node_modules\.bin;C:\Users\LEONARDO\AppData\Roaming\Composer\vendor\bin;C:\Users\LEONARDO\AppData\Roaming\npm;C:\Program Files\MySQL\MySQL Shell 8.0\bin\;C:\Users\LEONARDO\AppData\Local\Programs\Python\Python311\Scripts\;C:\Users\LEONARDO\AppData\Local\Programs\Python\Python311\;C:\Users\LEONARDO\AppData\Local\Programs\Python\Python310\Scripts\;C:\Users\LEONARDO\AppData\Local\Programs\Python\Python310\;C:\Users\LEONARDO\AppData\Local\Microsoft\WindowsApps;C:\Users\LEONARDO\AppData\Local\Programs\Microsoft VS Code\bin;C:\Users\LEONARDO\AppData\Roaming\nvm;C:\Program Files\nodejs;C:\Users\LEONARDO\AppData\Roaming\npm\bin;;C:\Program Files\JetBrains\IntelliJ IDEA 2024.3.2.2\bin;;."/>
    <property name="maven.conf" value="C:\Program Files\apache-maven-3.8.8/conf"/>
    <property name="jdk.debug" value="release"/>
    <property name="java.class.version" value="65.0"/>
    <property name="java.specification.name" value="Java Platform API Specification"/>
    <property name="sun.management.compiler" value="HotSpot 64-Bit Tiered Compilers"/>
    <property name="os.version" value="10.0"/>
    <property name="library.jansi.path" value="C:\Program Files\apache-maven-3.8.8\lib\jansi-native"/>
    <property name="user.home" value="C:\Users\LEONARDO"/>
    <property name="user.timezone" value="America/Lima"/>
    <property name="file.encoding" value="UTF-8"/>
    <property name="java.specification.version" value="21"/>
    <property name="user.name" value="LEONARDO"/>
    <property name="java.class.path" value="C:\Program Files\apache-maven-3.8.8\boot\plexus-classworlds-2.6.0.jar"/>
    <property name="java.vm.specification.version" value="21"/>
    <property name="sun.arch.data.model" value="64"/>
    <property name="sun.java.command" value="org.codehaus.plexus.classworlds.launcher.Launcher test"/>
    <property name="java.home" value="C:\Program Files\Eclipse Adoptium\jdk-21.0.6.7-hotspot"/>
    <property name="user.language" value="es"/>
    <property name="java.specification.vendor" value="Oracle Corporation"/>
    <property name="java.vm.info" value="mixed mode, sharing"/>
    <property name="java.version" value="21.0.6"/>
    <property name="native.encoding" value="Cp1252"/>
    <property name="java.vendor" value="Eclipse Adoptium"/>
    <property name="maven.home" value="C:\Program Files\apache-maven-3.8.8"/>
    <property name="file.separator" value="\"/>
    <property name="java.version.date" value="2025-01-21"/>
    <property name="java.vendor.url.bug" value="https://github.com/adoptium/adoptium-support/issues"/>
    <property name="sun.io.unicode.encoding" value="UnicodeLittle"/>
    <property name="sun.cpu.endian" value="little"/>
    <property name="java.vendor.version" value="Temurin-21.0.6+7"/>
    <property name="sun.cpu.isalist" value="amd64"/>
  </properties>
  <testcase classname="Validación del precio de un producto #1" name="estoy en la página de la tienda y hago click en el boton Iniciar Sesión" time="3.857"/>
  <testcase classname="Validación del precio de un producto #1" name="me logueo con mi usuario &quot;leonardo25457@gmail.com&quot; y clave &quot;leonardo2506123&quot;" time="1.223"/>
  <testcase classname="Validación del precio de un producto #1" name="navego a la categoria &quot;CLOTHES&quot; y subcategoria &quot;MEN&quot;" time="0.281">
    <failure message="Etiqueta de Cerrar Sesión Esperada: expected:&lt;Cerrar [Sesio]n&gt; but was:&lt;Cerrar [sesió]n&gt;" type="org.junit.ComparisonFailure">org.junit.ComparisonFailure: Etiqueta de Cerrar Sesión Esperada: expected:&lt;Cerrar [Sesio]n&gt; but was:&lt;Cerrar [sesió]n&gt;
	at org.junit.Assert.assertEquals(Assert.java:117)
	at com.nttdata.steps.priceProductStep.verificarBtnCerrarSesion(priceProductStep.java:34)
	at com.nttdata.stepsdefinitions.priceProductStepDef.navegoALaCategoriaYSubcategoria(priceProductStepDef.java:40)
	at ✽.navego a la categoria &quot;CLOTHES&quot; y subcategoria &quot;MEN&quot;(file:///C:/Users/LEONARDO/Desktop/QALAB/autoWeb/src/test/resources/features/priceProduct.feature:8)
</failure>
    <system-out>Cerrar sesión
</system-out>
  </testcase>
  <testcase classname="Validación del precio de un producto #1" name="agrego 2 unidades del primer producto al carrito" time="0.001">
    <skipped/>
  </testcase>
  <testcase classname="Validación del precio de un producto #1" name="valido en el popup la confirmación del producto agregado" time="0">
    <skipped/>
  </testcase>
  <testcase classname="Validación del precio de un producto #1" name="valido en el popup que el monto total sea calculado correctamente" time="0">
    <skipped/>
  </testcase>
  <testcase classname="Validación del precio de un producto #1" name="finalizo la compra" time="0">
    <skipped/>
  </testcase>
  <testcase classname="Validación del precio de un producto #1" name="valido el titulo de la pagina del carrito" time="0">
    <skipped/>
  </testcase>
  <testcase classname="Validación del precio de un producto #1" name="vuelvo a validar el calculo de precios en el carrito" time="0">
    <skipped/>
  </testcase>
  <testcase classname="Validación del precio de un producto #1" name="Validación del precio de un producto #1" time="0.29">
    <failure message="Etiqueta de Cerrar Sesión Esperada: expected:&lt;Cerrar [Sesio]n&gt; but was:&lt;Cerrar [sesió]n&gt;" type="org.junit.ComparisonFailure">org.junit.ComparisonFailure: Etiqueta de Cerrar Sesión Esperada: expected:&lt;Cerrar [Sesio]n&gt; but was:&lt;Cerrar [sesió]n&gt;
	at org.junit.Assert.assertEquals(Assert.java:117)
	at com.nttdata.steps.priceProductStep.verificarBtnCerrarSesion(priceProductStep.java:34)
	at com.nttdata.stepsdefinitions.priceProductStepDef.navegoALaCategoriaYSubcategoria(priceProductStepDef.java:40)
	at ✽.navego a la categoria &quot;CLOTHES&quot; y subcategoria &quot;MEN&quot;(file:///C:/Users/LEONARDO/Desktop/QALAB/autoWeb/src/test/resources/features/priceProduct.feature:8)
</failure>
  </testcase>
  <testcase classname="Validación del precio de un producto #2" name="estoy en la página de la tienda y hago click en el boton Iniciar Sesión" time="3.384"/>
  <testcase classname="Validación del precio de un producto #2" name="me logueo con mi usuario &quot;error404@gmail.com&quot; y clave &quot;idk2506&quot;" time="0.743"/>
  <testcase classname="Validación del precio de un producto #2" name="navego a la categoria &quot;CLOTHES&quot; y subcategoria &quot;MEN&quot;" time="0.137">
    <failure message="Etiqueta de Cerrar Sesión Esperada: expected:&lt;[Cerrar Sesio]n&gt; but was:&lt;[Iniciar sesió]n&gt;" type="org.junit.ComparisonFailure">org.junit.ComparisonFailure: Etiqueta de Cerrar Sesión Esperada: expected:&lt;[Cerrar Sesio]n&gt; but was:&lt;[Iniciar sesió]n&gt;
	at org.junit.Assert.assertEquals(Assert.java:117)
	at com.nttdata.steps.priceProductStep.verificarBtnCerrarSesion(priceProductStep.java:34)
	at com.nttdata.stepsdefinitions.priceProductStepDef.navegoALaCategoriaYSubcategoria(priceProductStepDef.java:40)
	at ✽.navego a la categoria &quot;CLOTHES&quot; y subcategoria &quot;MEN&quot;(file:///C:/Users/LEONARDO/Desktop/QALAB/autoWeb/src/test/resources/features/priceProduct.feature:8)
</failure>
    <system-out>Iniciar sesión
</system-out>
  </testcase>
  <testcase classname="Validación del precio de un producto #2" name="agrego 2 unidades del primer producto al carrito" time="0.001">
    <skipped/>
  </testcase>
  <testcase classname="Validación del precio de un producto #2" name="valido en el popup la confirmación del producto agregado" time="0">
    <skipped/>
  </testcase>
  <testcase classname="Validación del precio de un producto #2" name="valido en el popup que el monto total sea calculado correctamente" time="0">
    <skipped/>
  </testcase>
  <testcase classname="Validación del precio de un producto #2" name="finalizo la compra" time="0">
    <skipped/>
  </testcase>
  <testcase classname="Validación del precio de un producto #2" name="valido el titulo de la pagina del carrito" time="0">
    <skipped/>
  </testcase>
  <testcase classname="Validación del precio de un producto #2" name="vuelvo a validar el calculo de precios en el carrito" time="0">
    <skipped/>
  </testcase>
  <testcase classname="Validación del precio de un producto #2" name="Validación del precio de un producto #2" time="0.225">
    <failure message="Etiqueta de Cerrar Sesión Esperada: expected:&lt;[Cerrar Sesio]n&gt; but was:&lt;[Iniciar sesió]n&gt;" type="org.junit.ComparisonFailure">org.junit.ComparisonFailure: Etiqueta de Cerrar Sesión Esperada: expected:&lt;[Cerrar Sesio]n&gt; but was:&lt;[Iniciar sesió]n&gt;
	at org.junit.Assert.assertEquals(Assert.java:117)
	at com.nttdata.steps.priceProductStep.verificarBtnCerrarSesion(priceProductStep.java:34)
	at com.nttdata.stepsdefinitions.priceProductStepDef.navegoALaCategoriaYSubcategoria(priceProductStepDef.java:40)
	at ✽.navego a la categoria &quot;CLOTHES&quot; y subcategoria &quot;MEN&quot;(file:///C:/Users/LEONARDO/Desktop/QALAB/autoWeb/src/test/resources/features/priceProduct.feature:8)
</failure>
  </testcase>
  <testcase classname="Validación del precio de un producto #3" name="estoy en la página de la tienda y hago click en el boton Iniciar Sesión" time="3.13"/>
  <testcase classname="Validación del precio de un producto #3" name="me logueo con mi usuario &quot;leonardo25457@gmail.com&quot; y clave &quot;leonardo2506123&quot;" time="1.092"/>
  <testcase classname="Validación del precio de un producto #3" name="navego a la categoria &quot;ART&quot; y subcategoria &quot;MEN&quot;" time="0.245">
    <failure message="Etiqueta de Cerrar Sesión Esperada: expected:&lt;Cerrar [Sesio]n&gt; but was:&lt;Cerrar [sesió]n&gt;" type="org.junit.ComparisonFailure">org.junit.ComparisonFailure: Etiqueta de Cerrar Sesión Esperada: expected:&lt;Cerrar [Sesio]n&gt; but was:&lt;Cerrar [sesió]n&gt;
	at org.junit.Assert.assertEquals(Assert.java:117)
	at com.nttdata.steps.priceProductStep.verificarBtnCerrarSesion(priceProductStep.java:34)
	at com.nttdata.stepsdefinitions.priceProductStepDef.navegoALaCategoriaYSubcategoria(priceProductStepDef.java:40)
	at ✽.navego a la categoria &quot;ART&quot; y subcategoria &quot;MEN&quot;(file:///C:/Users/LEONARDO/Desktop/QALAB/autoWeb/src/test/resources/features/priceProduct.feature:8)
</failure>
    <system-out>Cerrar sesión
</system-out>
  </testcase>
  <testcase classname="Validación del precio de un producto #3" name="agrego 2 unidades del primer producto al carrito" time="0">
    <skipped/>
  </testcase>
  <testcase classname="Validación del precio de un producto #3" name="valido en el popup la confirmación del producto agregado" time="0">
    <skipped/>
  </testcase>
  <testcase classname="Validación del precio de un producto #3" name="valido en el popup que el monto total sea calculado correctamente" time="0">
    <skipped/>
  </testcase>
  <testcase classname="Validación del precio de un producto #3" name="finalizo la compra" time="0">
    <skipped/>
  </testcase>
  <testcase classname="Validación del precio de un producto #3" name="valido el titulo de la pagina del carrito" time="0.001">
    <skipped/>
  </testcase>
  <testcase classname="Validación del precio de un producto #3" name="vuelvo a validar el calculo de precios en el carrito" time="0">
    <skipped/>
  </testcase>
  <testcase classname="Validación del precio de un producto #3" name="Validación del precio de un producto #3" time="0.187">
    <failure message="Etiqueta de Cerrar Sesión Esperada: expected:&lt;Cerrar [Sesio]n&gt; but was:&lt;Cerrar [sesió]n&gt;" type="org.junit.ComparisonFailure">org.junit.ComparisonFailure: Etiqueta de Cerrar Sesión Esperada: expected:&lt;Cerrar [Sesio]n&gt; but was:&lt;Cerrar [sesió]n&gt;
	at org.junit.Assert.assertEquals(Assert.java:117)
	at com.nttdata.steps.priceProductStep.verificarBtnCerrarSesion(priceProductStep.java:34)
	at com.nttdata.stepsdefinitions.priceProductStepDef.navegoALaCategoriaYSubcategoria(priceProductStepDef.java:40)
	at ✽.navego a la categoria &quot;ART&quot; y subcategoria &quot;MEN&quot;(file:///C:/Users/LEONARDO/Desktop/QALAB/autoWeb/src/test/resources/features/priceProduct.feature:8)
</failure>
  </testcase>
</testsuite>